Using pre-set license
Built from '2020.3/staging' branch; Version is '2020.3.11f1 (99c7afb366b3) revision 10078127'; Using compiler version '192528614'; Build Type 'Release'
OS: 'Windows 10 Pro; OS build 18363.592; Version 1909; 64bit' Language: 'ru' Physical Memory: 8115 MB
BatchMode: 1, IsHumanControllingUs: 0, StartBugReporterOnCrash: 0, Is64bit: 1, IsPro: 0

 COMMAND LINE ARGUMENTS:
C:\Program Files\Unity\Hub\Editor\2020.3.11f1\Editor\Unity.exe
-adb2
-batchMode
-noUpm
-name
AssetImportWorker0
-projectPath
D:/GameProjects/DunkShot
-logFile
Logs/AssetImportWorker0.log
-srvPort
52388
Successfully changed project path to: D:/GameProjects/DunkShot
D:/GameProjects/DunkShot
Using Asset Import Pipeline V2.
Refreshing native plugins compatible for Editor in 169.03 ms, found 3 plugins.
Preloading 0 native plugins for Editor in 0.00 ms.
Initialize engine version: 2020.3.11f1 (99c7afb366b3)
[Subsystems] Discovering subsystems at path C:/Program Files/Unity/Hub/Editor/2020.3.11f1/Editor/Data/Resources/UnitySubsystems
[Subsystems] Discovering subsystems at path D:/GameProjects/DunkShot/Assets
GfxDevice: creating device client; threaded=0
Direct3D:
    Version:  Direct3D 11.0 [level 11.0]
    Renderer: NVIDIA GeForce 840M (ID=0x1341)
    Vendor:   
    VRAM:     2020 MB
    Driver:   23.21.13.8831
Initialize mono
Mono path[0] = 'C:/Program Files/Unity/Hub/Editor/2020.3.11f1/Editor/Data/Managed'
Mono path[1] = 'C:/Program Files/Unity/Hub/Editor/2020.3.11f1/Editor/Data/MonoBleedingEdge/lib/mono/unityjit'
Mono config path = 'C:/Program Files/Unity/Hub/Editor/2020.3.11f1/Editor/Data/MonoBleedingEdge/etc'
Using monoOptions --debugger-agent=transport=dt_socket,embedding=1,server=y,suspend=n,address=127.0.0.1:56904
Begin MonoManager ReloadAssembly
Registering precompiled unity dll's ...
Register platform support module: C:/Program Files/Unity/Hub/Editor/2020.3.11f1/Editor/Data/PlaybackEngines/WindowsStandaloneSupport/UnityEditor.WindowsStandalone.Extensions.dll
Registered in 0.011284 seconds.
Native extension for WindowsStandalone target not found
Refreshing native plugins compatible for Editor in 112.50 ms, found 3 plugins.
Preloading 0 native plugins for Editor in 0.00 ms.
Mono: successfully reloaded assembly
- Completed reload, in 10.723 seconds
Platform modules already initialized, skipping
Registering precompiled user dll's ...
Registered in 0.005271 seconds.
Begin MonoManager ReloadAssembly
Native extension for WindowsStandalone target not found
Refreshing native plugins compatible for Editor in 1.15 ms, found 3 plugins.
Preloading 0 native plugins for Editor in 0.00 ms.
Mono: successfully reloaded assembly
- Completed reload, in  1.905 seconds
Platform modules already initialized, skipping
========================================================================
Worker process is ready to serve import requests
Launched and connected shader compiler UnityShaderCompiler.exe after 0.07 seconds
Refreshing native plugins compatible for Editor in 1.30 ms, found 3 plugins.
Preloading 0 native plugins for Editor in 0.00 ms.
Unloading 2159 Unused Serialized files (Serialized files now loaded: 0)
System memory in use before: 100.4 MB.
System memory in use after: 100.5 MB.

Unloading 27 unused Assets to reduce memory usage. Loaded Objects now: 2596.
Total: 3.678200 ms (FindLiveObjects: 0.317000 ms CreateObjectMapping: 0.248400 ms MarkObjects: 2.971400 ms  DeleteObjects: 0.140200 ms)

========================================================================
Received Import Request.
  path: Assets/Scripts/UI/UIManager.cs
  artifactKey: Guid(6ce6ab4e49abfc54f81f64af30a59586) Importer(815301076,1909f56bfc062723c751e8b465ee728b)
Start importing Assets/Scripts/UI/UIManager.cs using Guid(6ce6ab4e49abfc54f81f64af30a59586) Importer(815301076,1909f56bfc062723c751e8b465ee728b)  -> (artifact id: '3f111abda1789ca9b7c24f88e23ac6a7') in 0.042622 seconds
  Import took 0.072170 seconds .

========================================================================
Received Prepare
Registering precompiled user dll's ...
Registered in 0.005868 seconds.
Begin MonoManager ReloadAssembly
Native extension for WindowsStandalone target not found
Refreshing native plugins compatible for Editor in 1.07 ms, found 3 plugins.
Preloading 0 native plugins for Editor in 0.00 ms.
Mono: successfully reloaded assembly
- Completed reload, in  1.831 seconds
Platform modules already initialized, skipping
Switching build target platform(19) subTarget(0) extendedPlatform(0) -> platform(13) subTarget(537395200) extendedPlatform(0)
Refreshing native plugins compatible for Editor in 1.04 ms, found 3 plugins.
Preloading 0 native plugins for Editor in 0.00 ms.
Unloading 2137 Unused Serialized files (Serialized files now loaded: 0)
System memory in use before: 98.3 MB.
System memory in use after: 98.4 MB.

Unloading 20 unused Assets to reduce memory usage. Loaded Objects now: 2599.
Total: 3.211100 ms (FindLiveObjects: 0.222500 ms CreateObjectMapping: 0.109400 ms MarkObjects: 2.784400 ms  DeleteObjects: 0.093000 ms)

AssetImportParameters requested are different than current active one (requested -> active):
  custom:graphics/normal-map-encoding: 01000000000000000000000000000000 -> 02000000000000000000000000000000
========================================================================
Received Import Request.
  Time since last request: 94.554686 seconds.
  path: Assets/Scripts/UI/UIManager.cs
  artifactKey: Guid(6ce6ab4e49abfc54f81f64af30a59586) Importer(815301076,1909f56bfc062723c751e8b465ee728b)
Start importing Assets/Scripts/UI/UIManager.cs using Guid(6ce6ab4e49abfc54f81f64af30a59586) Importer(815301076,1909f56bfc062723c751e8b465ee728b)  -> (artifact id: '9cd5db7477be92ec86acb96fbecc5942') in 0.006902 seconds
  Import took 0.012082 seconds .

========================================================================
Received Prepare
Registering precompiled user dll's ...
Registered in 0.008926 seconds.
Begin MonoManager ReloadAssembly
Native extension for WindowsStandalone target not found
Refreshing native plugins compatible for Editor in 1.21 ms, found 3 plugins.
Preloading 0 native plugins for Editor in 0.00 ms.
Mono: successfully reloaded assembly
- Completed reload, in  1.938 seconds
Platform modules already initialized, skipping
Switching build target platform(19) subTarget(0) extendedPlatform(0) -> platform(13) subTarget(537395200) extendedPlatform(0)
Refreshing native plugins compatible for Editor in 1.23 ms, found 3 plugins.
Preloading 0 native plugins for Editor in 0.00 ms.
Unloading 2137 Unused Serialized files (Serialized files now loaded: 0)
System memory in use before: 98.4 MB.
System memory in use after: 98.5 MB.

Unloading 20 unused Assets to reduce memory usage. Loaded Objects now: 2602.
Total: 3.669300 ms (FindLiveObjects: 0.341000 ms CreateObjectMapping: 0.238800 ms MarkObjects: 3.005600 ms  DeleteObjects: 0.081900 ms)

AssetImportParameters requested are different than current active one (requested -> active):
  custom:graphics/normal-map-encoding: 01000000000000000000000000000000 -> 02000000000000000000000000000000
========================================================================
Received Import Request.
  Time since last request: 88.878205 seconds.
  path: Assets/Scripts/UI/UIManager.cs
  artifactKey: Guid(6ce6ab4e49abfc54f81f64af30a59586) Importer(815301076,1909f56bfc062723c751e8b465ee728b)
Start importing Assets/Scripts/UI/UIManager.cs using Guid(6ce6ab4e49abfc54f81f64af30a59586) Importer(815301076,1909f56bfc062723c751e8b465ee728b)  -> (artifact id: '8c9b55a4b14eced8c7c7e7242bf04463') in 0.008656 seconds
  Import took 0.016359 seconds .

========================================================================
Received Import Request.
  Time since last request: 2.899770 seconds.
  path: Assets/Scripts/UI/UIManager.cs
  artifactKey: Guid(6ce6ab4e49abfc54f81f64af30a59586) Importer(815301076,1909f56bfc062723c751e8b465ee728b)
Start importing Assets/Scripts/UI/UIManager.cs using Guid(6ce6ab4e49abfc54f81f64af30a59586) Importer(815301076,1909f56bfc062723c751e8b465ee728b)  -> (artifact id: '8c9b55a4b14eced8c7c7e7242bf04463') in 0.003752 seconds
  Import took 0.010037 seconds .

========================================================================
Received Prepare
Registering precompiled user dll's ...
Registered in 0.005403 seconds.
Begin MonoManager ReloadAssembly
Native extension for WindowsStandalone target not found
Refreshing native plugins compatible for Editor in 1.37 ms, found 3 plugins.
Preloading 0 native plugins for Editor in 0.00 ms.
Mono: successfully reloaded assembly
- Completed reload, in  1.783 seconds
Platform modules already initialized, skipping
Switching build target platform(19) subTarget(0) extendedPlatform(0) -> platform(13) subTarget(537395200) extendedPlatform(0)
Refreshing native plugins compatible for Editor in 3.21 ms, found 3 plugins.
Preloading 0 native plugins for Editor in 0.00 ms.
Unloading 2137 Unused Serialized files (Serialized files now loaded: 0)
System memory in use before: 98.4 MB.
System memory in use after: 98.5 MB.

Unloading 20 unused Assets to reduce memory usage. Loaded Objects now: 2605.
Total: 4.985700 ms (FindLiveObjects: 0.267900 ms CreateObjectMapping: 0.216100 ms MarkObjects: 4.412800 ms  DeleteObjects: 0.086500 ms)

AssetImportParameters requested are different than current active one (requested -> active):
  custom:graphics/normal-map-encoding: 01000000000000000000000000000000 -> 02000000000000000000000000000000
========================================================================
Received Prepare
Registering precompiled user dll's ...
Registered in 0.005255 seconds.
Begin MonoManager ReloadAssembly
Native extension for WindowsStandalone target not found
Refreshing native plugins compatible for Editor in 1.78 ms, found 3 plugins.
Preloading 0 native plugins for Editor in 0.00 ms.
Mono: successfully reloaded assembly
- Completed reload, in  2.044 seconds
Platform modules already initialized, skipping
Switching build target platform(19) subTarget(0) extendedPlatform(0) -> platform(13) subTarget(537395200) extendedPlatform(0)
Refreshing native plugins compatible for Editor in 1.20 ms, found 3 plugins.
Preloading 0 native plugins for Editor in 0.00 ms.
Unloading 2137 Unused Serialized files (Serialized files now loaded: 0)
System memory in use before: 98.4 MB.
System memory in use after: 98.5 MB.

Unloading 20 unused Assets to reduce memory usage. Loaded Objects now: 2608.
Total: 3.283800 ms (FindLiveObjects: 0.249200 ms CreateObjectMapping: 0.119100 ms MarkObjects: 2.838500 ms  DeleteObjects: 0.075800 ms)

AssetImportParameters requested are different than current active one (requested -> active):
  custom:graphics/normal-map-encoding: 01000000000000000000000000000000 -> 02000000000000000000000000000000
========================================================================
Received Prepare
Registering precompiled user dll's ...
Registered in 0.044919 seconds.
Begin MonoManager ReloadAssembly
Native extension for WindowsStandalone target not found
Refreshing native plugins compatible for Editor in 1.93 ms, found 3 plugins.
Preloading 0 native plugins for Editor in 0.00 ms.
Mono: successfully reloaded assembly
- Completed reload, in  2.950 seconds
Platform modules already initialized, skipping
Switching build target platform(19) subTarget(0) extendedPlatform(0) -> platform(13) subTarget(537395200) extendedPlatform(0)
Refreshing native plugins compatible for Editor in 1.40 ms, found 3 plugins.
Preloading 0 native plugins for Editor in 0.00 ms.
Unloading 2138 Unused Serialized files (Serialized files now loaded: 0)
System memory in use before: 98.4 MB.
System memory in use after: 98.5 MB.

Unloading 20 unused Assets to reduce memory usage. Loaded Objects now: 2612.
Total: 6.362700 ms (FindLiveObjects: 0.247000 ms CreateObjectMapping: 0.125100 ms MarkObjects: 5.905300 ms  DeleteObjects: 0.083400 ms)

AssetImportParameters requested are different than current active one (requested -> active):
  custom:graphics/normal-map-encoding: 01000000000000000000000000000000 -> 02000000000000000000000000000000
========================================================================
Received Import Request.
  Time since last request: 189.735863 seconds.
  path: Assets/Scripts/PlayerBall/Customize.cs
  artifactKey: Guid(3a2944402aa7d114ca07ca5fe0e8a8a6) Importer(815301076,1909f56bfc062723c751e8b465ee728b)
Start importing Assets/Scripts/PlayerBall/Customize.cs using Guid(3a2944402aa7d114ca07ca5fe0e8a8a6) Importer(815301076,1909f56bfc062723c751e8b465ee728b)  -> (artifact id: '78207924d8fc500adb829be0dbf4e7ca') in 0.034282 seconds
  Import took 0.061791 seconds .

========================================================================
Received Prepare
Registering precompiled user dll's ...
Registered in 0.012414 seconds.
Begin MonoManager ReloadAssembly
Native extension for WindowsStandalone target not found
Refreshing native plugins compatible for Editor in 1.11 ms, found 3 plugins.
Preloading 0 native plugins for Editor in 0.00 ms.
Mono: successfully reloaded assembly
- Completed reload, in  1.884 seconds
Platform modules already initialized, skipping
Switching build target platform(19) subTarget(0) extendedPlatform(0) -> platform(13) subTarget(537395200) extendedPlatform(0)
Refreshing native plugins compatible for Editor in 1.15 ms, found 3 plugins.
Preloading 0 native plugins for Editor in 0.00 ms.
Unloading 2138 Unused Serialized files (Serialized files now loaded: 0)
System memory in use before: 98.5 MB.
System memory in use after: 98.5 MB.

Unloading 20 unused Assets to reduce memory usage. Loaded Objects now: 2615.
Total: 3.955400 ms (FindLiveObjects: 0.315600 ms CreateObjectMapping: 0.132400 ms MarkObjects: 3.417000 ms  DeleteObjects: 0.088800 ms)

AssetImportParameters requested are different than current active one (requested -> active):
  custom:graphics/normal-map-encoding: 01000000000000000000000000000000 -> 02000000000000000000000000000000
========================================================================
Received Prepare
Registering precompiled user dll's ...
Registered in 0.007588 seconds.
Begin MonoManager ReloadAssembly
Native extension for WindowsStandalone target not found
Refreshing native plugins compatible for Editor in 1.41 ms, found 3 plugins.
Preloading 0 native plugins for Editor in 0.00 ms.
Mono: successfully reloaded assembly
- Completed reload, in  1.908 seconds
Platform modules already initialized, skipping
Switching build target platform(19) subTarget(0) extendedPlatform(0) -> platform(13) subTarget(537395200) extendedPlatform(0)
Refreshing native plugins compatible for Editor in 1.20 ms, found 3 plugins.
Preloading 0 native plugins for Editor in 0.00 ms.
Unloading 2138 Unused Serialized files (Serialized files now loaded: 0)
System memory in use before: 98.5 MB.
System memory in use after: 98.5 MB.

Unloading 20 unused Assets to reduce memory usage. Loaded Objects now: 2618.
Total: 3.919500 ms (FindLiveObjects: 0.331900 ms CreateObjectMapping: 0.219200 ms MarkObjects: 3.281200 ms  DeleteObjects: 0.085900 ms)

AssetImportParameters requested are different than current active one (requested -> active):
  custom:graphics/normal-map-encoding: 01000000000000000000000000000000 -> 02000000000000000000000000000000
========================================================================
Received Import Request.
  Time since last request: 507.091700 seconds.
  path: Assets/Scripts/PlayerBall/Customize.cs
  artifactKey: Guid(3a2944402aa7d114ca07ca5fe0e8a8a6) Importer(815301076,1909f56bfc062723c751e8b465ee728b)
Start importing Assets/Scripts/PlayerBall/Customize.cs using Guid(3a2944402aa7d114ca07ca5fe0e8a8a6) Importer(815301076,1909f56bfc062723c751e8b465ee728b)  -> (artifact id: '186d0f54faf91a5f763ff9aef159009d') in 0.007533 seconds
  Import took 0.053328 seconds .

========================================================================
Received Import Request.
  Time since last request: 755.088330 seconds.
  path: Assets/Assets/GUI Mobile Hyper-Casual/Font/Bumpo SDF Red.asset
  artifactKey: Guid(1c1e6125151f34ee3bd915e903d83c53) Importer(815301076,1909f56bfc062723c751e8b465ee728b)
Start importing Assets/Assets/GUI Mobile Hyper-Casual/Font/Bumpo SDF Red.asset using Guid(1c1e6125151f34ee3bd915e903d83c53) Importer(815301076,1909f56bfc062723c751e8b465ee728b)  -> (artifact id: '919bba70f593ce056f6530825d9b837e') in 1.319836 seconds
  Import took 1.400451 seconds .

========================================================================
Received Import Request.
  Time since last request: 0.000358 seconds.
  path: Assets/Assets/GUI Mobile Hyper-Casual/Font/Bumpo SDF.asset
  artifactKey: Guid(2607659e925024b0cbe605bbf5c96559) Importer(815301076,1909f56bfc062723c751e8b465ee728b)
Start importing Assets/Assets/GUI Mobile Hyper-Casual/Font/Bumpo SDF.asset using Guid(2607659e925024b0cbe605bbf5c96559) Importer(815301076,1909f56bfc062723c751e8b465ee728b)  -> (artifact id: 'add6c8abbdfceac32aa3622e82c26fb8') in 0.083559 seconds
  Import took 0.124651 seconds .

========================================================================
Received Import Request.
  Time since last request: 0.000247 seconds.
  path: Assets/Assets/GUI Mobile Hyper-Casual/Font/Bumpo SDF WhiteOutline.asset
  artifactKey: Guid(0fb8f0a5de3f247c19c5f9e8d1696b79) Importer(815301076,1909f56bfc062723c751e8b465ee728b)
Start importing Assets/Assets/GUI Mobile Hyper-Casual/Font/Bumpo SDF WhiteOutline.asset using Guid(0fb8f0a5de3f247c19c5f9e8d1696b79) Importer(815301076,1909f56bfc062723c751e8b465ee728b)  -> (artifact id: 'dadf39f39483f284ff3f11178fbea19f') in 0.138109 seconds
  Import took 0.187275 seconds .

========================================================================
Received Import Request.
  Time since last request: 0.000305 seconds.
  path: Assets/Assets/GUI Mobile Hyper-Casual/Font/Bumpo SDF White.asset
  artifactKey: Guid(cd181b2372f7742088605d2d61b54213) Importer(815301076,1909f56bfc062723c751e8b465ee728b)
Start importing Assets/Assets/GUI Mobile Hyper-Casual/Font/Bumpo SDF White.asset using Guid(cd181b2372f7742088605d2d61b54213) Importer(815301076,1909f56bfc062723c751e8b465ee728b)  -> (artifact id: '3faa33a698485cedcfb8001eba662c8c') in 0.057727 seconds
  Import took 0.084692 seconds .

========================================================================
Received Import Request.
  Time since last request: 0.000306 seconds.
  path: Assets/Assets/GUI Mobile Hyper-Casual/Font/Bumpo SDF Variant.asset
  artifactKey: Guid(81741c356f53040549eb0e8225bf7442) Importer(815301076,1909f56bfc062723c751e8b465ee728b)
Start importing Assets/Assets/GUI Mobile Hyper-Casual/Font/Bumpo SDF Variant.asset using Guid(81741c356f53040549eb0e8225bf7442) Importer(815301076,1909f56bfc062723c751e8b465ee728b)  -> (artifact id: 'de004a5d3f8b2771655c5eb7776d28c9') in 0.054424 seconds
  Import took 0.070248 seconds .

========================================================================
Received Prepare
Registering precompiled user dll's ...
Registered in 0.007898 seconds.
Begin MonoManager ReloadAssembly
Native extension for WindowsStandalone target not found
Refreshing native plugins compatible for Editor in 2.04 ms, found 3 plugins.
Preloading 0 native plugins for Editor in 0.00 ms.
Mono: successfully reloaded assembly
- Completed reload, in  2.861 seconds
Platform modules already initialized, skipping
Switching build target platform(19) subTarget(0) extendedPlatform(0) -> platform(13) subTarget(537395200) extendedPlatform(0)
Refreshing native plugins compatible for Editor in 1.32 ms, found 3 plugins.
Preloading 0 native plugins for Editor in 0.00 ms.
Unloading 2138 Unused Serialized files (Serialized files now loaded: 0)
System memory in use before: 101.7 MB.
System memory in use after: 101.8 MB.

Unloading 20 unused Assets to reduce memory usage. Loaded Objects now: 2663.
Total: 5.916900 ms (FindLiveObjects: 1.043100 ms CreateObjectMapping: 0.421100 ms MarkObjects: 4.366700 ms  DeleteObjects: 0.083500 ms)

AssetImportParameters requested are different than current active one (requested -> active):
  custom:graphics/normal-map-encoding: 01000000000000000000000000000000 -> 02000000000000000000000000000000
AssetImportWorkerClient::OnTransportError - code=2 error=End of file
